##[debug]Evaluating condition for step: 'Type check'
##[debug]Evaluating: success()
##[debug]Evaluating success:
##[debug]=> true
##[debug]Result: true
##[debug]Starting: Type check
##[debug]Loading inputs
##[debug]Loading env
Run pnpm run type-check
##[debug]/usr/bin/bash -e /home/runner/work/_temp/32b66db2-f2f1-44b1-997c-3a7e0d54b68b.sh

> ecommerce-microfrontend@1.0.0 type-check /home/runner/work/eco/eco
> pnpm -r type-check

Scope: 4 of 5 workspace projects
packages/host type-check$ tsc --noEmit
packages/product-catalog type-check$ tsc --noEmit
packages/shopping-cart type-check$ tsc --noEmit
##[debug]Dropping file value '/home/runner/work/eco/eco/packages/shopping-cart type-check: src/components/Cart.tsx'. Path does not exist
Error: packages/shopping-cart type-check: src/components/Cart.tsx(2,31): error TS2307: Cannot find module '@ecommerce/shared' or its corresponding type declarations.
##[debug]Dropping file value '/home/runner/work/eco/eco/packages/shopping-cart type-check: src/components/Cart.tsx'. Path does not exist
Error: packages/shopping-cart type-check: src/components/Cart.tsx(68,25): error TS7006: Parameter 'item' implicitly has an 'any' type.
##[debug]Dropping file value '/home/runner/work/eco/eco/packages/shopping-cart type-check: src/components/Cart.tsx'. Path does not exist
Error: packages/shopping-cart type-check: src/components/Cart.tsx(68,31): error TS7006: Parameter 'index' implicitly has an 'any' type.